0 info it worked if it ends with ok
1 verbose cli [ '/usr/bin/nodejs', '/usr/bin/npm', 'run', 'build-prod' ]
2 info using npm@3.10.10
3 info using node@v6.11.1
4 verbose run-script [ 'prebuild-prod', 'build-prod', 'postbuild-prod' ]
5 info lifecycle example-project@1.0.0~prebuild-prod: example-project@1.0.0
6 silly lifecycle example-project@1.0.0~prebuild-prod: no script for prebuild-prod, continuing
7 info lifecycle example-project@1.0.0~build-prod: example-project@1.0.0
8 verbose lifecycle example-project@1.0.0~build-prod: unsafe-perm in lifecycle true
9 verbose lifecycle example-project@1.0.0~build-prod: PATH: /usr/lib/node_modules/npm/bin/node-gyp-bin:/home/rajat/Desktop/My-Nanodegree-5-projects/evaluate-news-nlp/node_modules/.bin:/usr/local/sbin:/usr/local/bin:/usr/sbin:/usr/bin:/sbin:/bin:/usr/games:/usr/local/games:/snap/bin:/home/rajat/.rvm/bin:/snap/bin
10 verbose lifecycle example-project@1.0.0~build-prod: CWD: /home/rajat/Desktop/My-Nanodegree-5-projects/evaluate-news-nlp
11 silly lifecycle example-project@1.0.0~build-prod: Args: [ '-c', 'webpack --config webpack.prod.js' ]
12 silly lifecycle example-project@1.0.0~build-prod: Returned: code: 2  signal: null
13 info lifecycle example-project@1.0.0~build-prod: Failed to exec build-prod script
14 verbose stack Error: example-project@1.0.0 build-prod: `webpack --config webpack.prod.js`
14 verbose stack Exit status 2
14 verbose stack     at EventEmitter.<anonymous> (/usr/lib/node_modules/npm/lib/utils/lifecycle.js:255:16)
14 verbose stack     at emitTwo (events.js:106:13)
14 verbose stack     at EventEmitter.emit (events.js:191:7)
14 verbose stack     at ChildProcess.<anonymous> (/usr/lib/node_modules/npm/lib/utils/spawn.js:40:14)
14 verbose stack     at emitTwo (events.js:106:13)
14 verbose stack     at ChildProcess.emit (events.js:191:7)
14 verbose stack     at maybeClose (internal/child_process.js:891:16)
14 verbose stack     at Process.ChildProcess._handle.onexit (internal/child_process.js:226:5)
15 verbose pkgid example-project@1.0.0
16 verbose cwd /home/rajat/Desktop/My-Nanodegree-5-projects/evaluate-news-nlp
17 error Linux 4.10.0-42-generic
18 error argv "/usr/bin/nodejs" "/usr/bin/npm" "run" "build-prod"
19 error node v6.11.1
20 error npm  v3.10.10
21 error code ELIFECYCLE
22 error example-project@1.0.0 build-prod: `webpack --config webpack.prod.js`
22 error Exit status 2
23 error Failed at the example-project@1.0.0 build-prod script 'webpack --config webpack.prod.js'.
23 error Make sure you have the latest version of node.js and npm installed.
23 error If you do, this is most likely a problem with the example-project package,
23 error not with npm itself.
23 error Tell the author that this fails on your system:
23 error     webpack --config webpack.prod.js
23 error You can get information on how to open an issue for this project with:
23 error     npm bugs example-project
23 error Or if that isn't available, you can get their info via:
23 error     npm owner ls example-project
23 error There is likely additional logging output above.
24 verbose exit [ 1, true ]
